This is pdfTeX, Version 3.141592653-2.6-1.40.25 (MiKTeX 24.1) (preloaded format=pdflatex 2024.2.9)  21 FEB 2024 21:00
entering extended mode
 restricted \write18 enabled.
 file:line:error style messages enabled.
 %&-line parsing enabled.
**"i:/Web Development/NodeJS/Javascript.tex"
(i:/Web Development/NodeJS/Javascript.tex
LaTeX2e <2023-11-01> patch level 1
L3 programming layer <2024-01-22>
(H:\MiKTeX\tex/latex/base\article.cls
Document Class: article 2023/05/17 v1.4n Standard LaTeX document class
(H:\MiKTeX\tex/latex/base\size10.clo
File: size10.clo 2023/05/17 v1.4n Standard LaTeX file (size option)
)
\c@part=\count187
\c@section=\count188
\c@subsection=\count189
\c@subsubsection=\count190
\c@paragraph=\count191
\c@subparagraph=\count192
\c@figure=\count193
\c@table=\count194
\abovecaptionskip=\skip48
\belowcaptionskip=\skip49
\bibindent=\dimen140
) (H:\MiKTeX\tex/latex/l3backend\l3backend-pdftex.def
File: l3backend-pdftex.def 2024-01-04 L3 backend support: PDF output (pdfTeX)
\l__color_backend_stack_int=\count195
\l__pdf_internal_box=\box51
) (Javascript.aux)
\openout1 = `Javascript.aux'.

LaTeX Font Info:    Checking defaults for OML/cmm/m/it on input line 3.
LaTeX Font Info:    ... okay on input line 3.
LaTeX Font Info:    Checking defaults for OMS/cmsy/m/n on input line 3.
LaTeX Font Info:    ... okay on input line 3.
LaTeX Font Info:    Checking defaults for OT1/cmr/m/n on input line 3.
LaTeX Font Info:    ... okay on input line 3.
LaTeX Font Info:    Checking defaults for T1/cmr/m/n on input line 3.
LaTeX Font Info:    ... okay on input line 3.
LaTeX Font Info:    Checking defaults for TS1/cmr/m/n on input line 3.
LaTeX Font Info:    ... okay on input line 3.
LaTeX Font Info:    Checking defaults for OMX/cmex/m/n on input line 3.
LaTeX Font Info:    ... okay on input line 3.
LaTeX Font Info:    Checking defaults for U/cmr/m/n on input line 3.
LaTeX Font Info:    ... okay on input line 3.

i:/Web Development/NodeJS/Javascript.tex:7: Missing $ inserted.
<inserted text> 
                $
l.7 \maketitle
              
I've inserted a begin-math/end-math symbol since I think
you left one out. Proceed, with fingers crossed.

LaTeX Font Info:    External font `cmex10' loaded for size
(Font)              <17.28> on input line 7.
LaTeX Font Info:    External font `cmex10' loaded for size
(Font)              <12> on input line 7.
i:/Web Development/NodeJS/Javascript.tex:7: Missing $ inserted.
<inserted text> 
                $
l.7 \maketitle
              
I've inserted a begin-math/end-math symbol since I think
you left one out. Proceed, with fingers crossed.

i:/Web Development/NodeJS/Javascript.tex:7: Missing } inserted.
<inserted text> 
                }
l.7 \maketitle
              
I've inserted something that you may have forgotten.
(See the <inserted text> above.)
With luck, this will get me unwedged. But if you
really didn't forget anything, try typing `2' now; then
my insertion and my current dilemma will both disappear.

i:/Web Development/NodeJS/Javascript.tex:7: Extra }, or forgotten \endgroup.
\@maketitle ...note \thanks {\LARGE \@title \par }
                                                  \vskip 1.5em{\large \lines...
l.7 \maketitle
              
I've deleted a group-closing symbol because it seems to be
spurious, as in `$x}$'. But perhaps the } is legitimate and
you forgot something else, as in `\hbox{$x}'. In such cases
the way to recover is to insert both the forgotten and the
deleted material, e.g., by typing `I$}'.

LaTeX Font Info:    External font `cmex10' loaded for size
(Font)              <8> on input line 7.
LaTeX Font Info:    External font `cmex10' loaded for size
(Font)              <6> on input line 7.
[1

{C:/Users/panth/AppData/Local/MiKTeX/fonts/map/pdftex/pdftex.map}] (Javascript.aux)
 ***********
LaTeX2e <2023-11-01> patch level 1
L3 programming layer <2024-01-22>
 ***********
 ) 
Here is how much of TeX's memory you used:
 459 strings out of 474541
 8636 string characters out of 5760841
 1923978 words of memory out of 5000000
 22761 multiletter control sequences out of 15000+600000
 561719 words of font info for 48 fonts, out of 8000000 for 9000
 1141 hyphenation exceptions out of 8191
 35i,6n,50p,159b,196s stack positions out of 10000i,1000n,20000p,200000b,200000s
<H:/MiKTeX/fonts/type1/public/amsfonts/cm/cmmi12.pfb><H:/MiKTeX/fonts/type1/public/amsfonts/cm/cmr10.pfb><H:/MiKTeX/fonts/type1/public/amsfonts/cm/cmr12.pfb><H:/MiKTeX/fonts/type1/public/amsfonts/cm/cmr17.pfb>
Output written on Javascript.pdf (1 page, 41537 bytes).
PDF statistics:
 26 PDF objects out of 1000 (max. 8388607)
 0 named destinations out of 1000 (max. 500000)
 1 words of extra memory for PDF output out of 10000 (max. 10000000)

